0 info it worked if it ends with ok
1 verbose cli [ 'C:\\Program Files\\nodejs\\node.exe',
1 verbose cli   'C:\\Users\\ATTA-UR-\\AppData\\Roaming\\npm\\node_modules\\npm\\bin\\npm-cli.js',
1 verbose cli   'start' ]
2 info using npm@3.10.8
3 info using node@v4.1.2
4 verbose run-script [ 'prestart', 'start', 'poststart' ]
5 info lifecycle angular-quickstart@1.0.0~prestart: angular-quickstart@1.0.0
6 silly lifecycle angular-quickstart@1.0.0~prestart: no script for prestart, continuing
7 info lifecycle angular-quickstart@1.0.0~start: angular-quickstart@1.0.0
8 verbose lifecycle angular-quickstart@1.0.0~start: unsafe-perm in lifecycle true
9 verbose lifecycle angular-quickstart@1.0.0~start: PATH: C:\Users\ATTA-UR-\AppData\Roaming\npm\node_modules\npm\bin\node-gyp-bin;F:\angular 2\firebaseWithAngular2\node_modules\.bin;C:\ProgramData\Oracle\Java\javapath;C:\Windows\system32;C:\Windows;C:\Windows\System32\Wbem;C:\Windows\System32\WindowsPowerShell\v1.0\;C:\Program Files\Microsoft SQL Server\110\Tools\Binn\;C:\Program Files\nodejs\;C:\Program Files (x86)\Skype\Phone\;C:\Program Files (x86)\Heroku\bin;C:\Program Files (x86)\git\cmd;C:\Program Files (x86)\Git\cmd;C:\Program Files\Rust stable GNU 1.8\bin;C:\Program Files\Java\jdk1.8.0_45\bin;E:\Android\sdk\platform-tools;E:\Android\sdk\tools;C:\Program Files\Java\jdk1.8.0_45\bin;F:\apache-ant-1.9.5\bin;C:\Users\ATTA-UR-\AppData\Roaming\npm;C:\Program Files (x86)\Microsoft VS Code\bin;E:\Android\bin;C:\Program Files\Rust stable GNU 1.8\bin;F:\rust\rust\src;C:\Users\ATTA-UR-\.cargo\bin;
10 verbose lifecycle angular-quickstart@1.0.0~start: CWD: F:\angular 2\firebaseWithAngular2
11 silly lifecycle angular-quickstart@1.0.0~start: Args: [ '/d /s /c', 'tsc && concurrently "tsc -w" "lite-server" ' ]
12 verbose stack Error: kill ENOSYS
12 verbose stack     at exports._errnoException (util.js:849:11)
12 verbose stack     at process.kill (node.js:765:15)
12 verbose stack     at process.listener (C:\Users\ATTA-UR-\AppData\Roaming\npm\node_modules\npm\node_modules\npmlog\node_modules\gauge\node_modules\signal-exit\index.js:86:15)
12 verbose stack     at emitNone (events.js:72:20)
12 verbose stack     at process.emit (events.js:166:7)
12 verbose stack     at processEmit (C:\Users\ATTA-UR-\AppData\Roaming\npm\node_modules\npm\node_modules\npmlog\node_modules\gauge\node_modules\signal-exit\index.js:146:32)
12 verbose stack     at processEmit (C:\Users\ATTA-UR-\AppData\Roaming\npm\node_modules\npm\node_modules\npm-registry-client\node_modules\npmlog\node_modules\gauge\node_modules\signal-exit\index.js:146:32)
12 verbose stack     at Signal.wrap.onsignal (node.js:791:46)
13 verbose cwd F:\angular 2\firebaseWithAngular2
14 error Windows_NT 6.2.9200
15 error argv "C:\\Program Files\\nodejs\\node.exe" "C:\\Users\\ATTA-UR-\\AppData\\Roaming\\npm\\node_modules\\npm\\bin\\npm-cli.js" "start"
16 error node v4.1.2
17 error npm  v3.10.8
18 error code ENOSYS
19 error errno ENOSYS
20 error syscall kill
21 error kill ENOSYS
22 error If you need help, you may report this error at:
22 error     <https://github.com/npm/npm/issues>
23 verbose exit [ 1, true ]
